R1 baseline (24h uncapped flat45) Sharpe +2.229
  R2a 24h|capinf|flat45: Sh +0.389 f+5/9 lift -1.840 flips=[] pairCI[-10.337, 1.068]
  R2a 24h|capinf|flat9: Sh -0.066 f+5/9 lift -2.295 flips=[] pairCI[-11.122, 0.25]
  R2a 24h|capinf|realized: Sh +0.273 f+5/9 lift -1.956 flips=[] pairCI[-10.499, 0.839]
  R2a 24h|cap0.3333333333333333|flat45: Sh +0.456 f+5/9 lift -1.773 flips=[] pairCI[-10.273, 1.09]
  R2a 24h|cap0.3333333333333333|flat9: Sh -0.012 f+5/9 lift -2.241 flips=[] pairCI[-11.088, 0.285]
  R2a 24h|cap0.3333333333333333|realized: Sh +0.337 f+5/9 lift -1.892 flips=[] pairCI[-10.503, 0.88]
  R2b 24h|capinf|realized: Sh +2.131 f+7/9 lift -0.099 flips=[] pairCI[-0.267, -0.195]
  R2b 24h|capinf|tail: Sh +1.962 f+7/9 lift -0.268 flips=[] pairCI[-0.73, -0.521]
  R2b 24h|cap0.3333333333333333|flat45: Sh +2.062 f+8/9 lift -0.167 flips=[] pairCI[-0.892, -0.08]
  R2b 24h|cap0.3333333333333333|realized: Sh +1.963 f+8/9 lift -0.266 flips=[] pairCI[-1.124, -0.306]
  R2b 24h|cap0.3333333333333333|tail: Sh +1.796 f+7/9 lift -0.433 flips=[] pairCI[-1.537, -0.674]
  R2b 48h|capinf|flat45: Sh +1.209 f+5/9 lift -1.020 flips=[] pairCI[-6.247, -0.161]
  R2b 48h|capinf|realized: Sh +1.142 f+5/9 lift -1.087 flips=[] pairCI[-6.354, -0.275]
  R2b 48h|capinf|tail: Sh +1.030 f+5/9 lift -1.199 flips=[] pairCI[-6.567, -0.457]
  R2b 48h|cap0.3333333333333333|flat45: Sh +1.107 f+5/9 lift -1.122 flips=[] pairCI[-6.322, -0.563]
  R2b 48h|cap0.3333333333333333|realized: Sh +1.040 f+5/9 lift -1.189 flips=[] pairCI[-6.435, -0.676]
  R2b 48h|cap0.3333333333333333|tail: Sh +0.929 f+5/9 lift -1.300 flips=[] pairCI[-6.634, -0.846]
  R2b 72h|capinf|flat45: Sh +0.899 f+4/9 lift -1.330 flips=[] pairCI[-7.364, -0.647]
  R2b 72h|capinf|realized: Sh +0.846 f+4/9 lift -1.384 flips=[] pairCI[-7.448, -0.723]
  R2b 72h|capinf|tail: Sh +0.755 f+4/9 lift -1.474 flips=[] pairCI[-7.61, -0.844]
  R2b 72h|cap0.3333333333333333|flat45: Sh +0.954 f+4/9 lift -1.275 flips=[] pairCI[-7.305, -0.588]
  R2b 72h|cap0.3333333333333333|realized: Sh +0.901 f+4/9 lift -1.328 flips=[] pairCI[-7.376, -0.673]
  R2b 72h|cap0.3333333333333333|tail: Sh +0.811 f+4/9 lift -1.418 flips=[] pairCI[-7.504, -0.797]
  R2c 48h|capinf|flat45: Sh +0.896 f+5/9 lift -1.333 flips=[]
  R2c 48h|capinf|realized: Sh +0.823 f+5/9 lift -1.406 flips=[]
  R2c 48h|cap0.3333333333333333|flat45: Sh +0.877 f+5/9 lift -1.352 flips=[]
  R2c 48h|cap0.3333333333333333|realized: Sh +0.803 f+5/9 lift -1.426 flips=[]

R2 done [32.2s] -> /home/yuqing/ctaNew/research/portable_alpha_2026-05-19/results/R2_results.json
