====================================================================================================
  STEP 41: V2 on 111-panel + V3.1 sleeve
====================================================================================================
Panel: 12,925,972 rows × 111 symbols
  target_z std: 0.913

Building V2 features...
  V2 features: 22

Training V2 on 111-panel...
    fold 0: IC=-0.0153, n_train=878,362, n_test=942,154, 18s
    fold 1: IC=-0.0286, n_train=1,378,207, n_test=950,400, 27s
    fold 2: IC=-0.0085, n_train=1,890,060, n_test=950,400, 36s
    fold 3: IC=-0.0019, n_train=2,390,072, n_test=953,856, 45s
    fold 4: IC=+0.0170, n_train=2,911,251, n_test=959,040, 53s
    fold 5: IC=+0.0087, n_train=3,412,149, n_test=959,040, 62s
    fold 6: IC=-0.0018, n_train=3,917,884, n_test=959,040, 71s
    fold 7: IC=+0.0108, n_train=4,445,800, n_test=959,040, 83s
    fold 8: IC=+0.0059, n_train=4,970,316, n_test=959,040, 96s
    fold 9: IC=+0.0022, n_train=5,489,033, n_test=959,040, 104s

Overall IC: -0.0012

====================================================================================================
  V2 on 111-panel + V3.1 sleeve
====================================================================================================
  A baseline (pred_z): Sharpe=-0.68 [-2.61,+1.85]  folds+=3/9  gross=-4.56  traded=1442/1620
  B IC_signed (pred_B): Sharpe=+1.44 [-1.19,+3.63]  folds+=5/9  gross=+7.39  traded=1407/1620

  LOFO on B (Sharpe = +1.44):
    excl 1: +1.62 (Δ +0.18)
    excl 2: +1.60 (Δ +0.17)
    excl 3: +1.74 (Δ +0.30)
    excl 4: +2.54 (Δ +1.11)
    excl 5: +0.66 (Δ -0.77)  ← drives
    excl 6: +1.49 (Δ +0.05)
    excl 7: +1.42 (Δ -0.01)
    excl 8: +0.76 (Δ -0.67)  ← drives
    excl 9: +1.04 (Δ -0.40)

====================================================================================================
  COMPARISON LADDER
====================================================================================================
  V2 (51-panel, 22 ft) + sleeve (Step 34/35):    +2.19 (7/9 folds+)
  V2 (111-panel, full retrain) + sleeve (THIS):  +1.44 (5/9 folds+)
  LGBM Phase UNI-111 (memory):                   -1.48 (3/9 folds+)

Total: 733s
