============================================================================================
  STEP 70: PIT-fix trailing-IC + real perf + window-vs-signal
============================================================================================

--- A. REAL PIT-clean performance (embargo ON, win=90) ---
  [persym-selfstd-44 PIT] Sh -0.49[-3.25,+2.09] fp=5/9 | per-cyc -1.09 | per-trade(wtd) +4.4 CI[-7.2,+17.5] PF 1.10 | tot -1,765
      [D] does PAST-90d IC predict DISJOINT FUTURE-90d IC? ρ=+0.030  cross-sec=+0.018  (n=131 non-overlap)
  [persym-selfstd-drop2 PIT] Sh -0.77[-3.51,+1.53] fp=3/9 | per-cyc -1.66 | per-trade(wtd) +3.1 CI[-7.1,+15.8] PF 1.07 | tot -2,697

--- C. all-eligible (NO IC subset) vs IC-subset, drop-2 PIT ---
  [drop2 PIT all-eligible] Sh -0.20[-2.53,+1.96] fp=6/9 | per-cyc -0.47 | per-trade(wtd) +1.2 CI[-2.2,+4.9] PF 1.05 | tot -754

--- B. WINDOW SWEEP (PIT, drop-2): does any window help? ---
  [drop2 PIT win=30d] Sh -2.30[-4.78,+0.11] fp=2/9 | per-cyc -5.38 | per-trade(wtd) -3.8 CI[-13.8,+7.7] PF 0.92 | tot -8,718
      win=30d: PAST→FUTURE IC ρ=-0.006 cs=+0.018 (n=375)
  [drop2 PIT win=60d] Sh -2.03[-4.50,+0.22] fp=2/9 | per-cyc -4.85 | per-trade(wtd) -1.6 CI[-7.5,+4.3] PF 0.95 | tot -7,850
      win=60d: PAST→FUTURE IC ρ=-0.069 cs=-0.011 (n=208)
  [drop2 PIT win=180d] Sh +0.57[-2.20,+2.83] fp=4/9 | per-cyc +1.13 | per-trade(wtd) +9.3 CI[-3.7,+24.1] PF 1.22 | tot 1,836
      win=180d: PAST→FUTURE IC ρ=+0.156 cs=+0.123 (n=83)

============================================================================================
  DIAGNOSIS
============================================================================================
  - REAL PIT-clean perf = the embargo-ON numbers above (vs leaky +2.79/+3.48).
  - If no window gives CI-excludes-0 AND IC-subset does not beat all-eligible AND ρ(IC_t,IC_t+1)≈0 -> it is the SIGNAL (features→IC≈0→trailing-IC unreliable), NOT the window.

Total: 534s
