====================================================================================================
  STEP 43: V2 110-panel UNIVERSE STRESS TEST
====================================================================================================
  K_drop ∈ [10, 20, 30, 40], 30 random draws per K
  Baseline: V2 on 110-panel + V3.1 sleeve = +2.03

Panel has 110 symbols (BTC excluded upstream)

--- K_drop = 10 (universe size = 100) ---
  draw 10: mean=-1.495
  draw 20: mean=-1.382
  draw 30: mean=-1.240
  K=10: mean=-1.24  std=0.59  p5/p50/p95=-1.97/-1.34/-0.39  min=-2.62  max=+0.16
           1/30 positive, 0/30 beat baseline +2.03

--- K_drop = 20 (universe size = 90) ---
  draw 10: mean=-1.096
  draw 20: mean=-0.938
  draw 30: mean=-1.019
  K=20: mean=-1.02  std=0.75  p5/p50/p95=-2.19/-0.95/+0.10  min=-2.64  max=+0.36
           2/30 positive, 0/30 beat baseline +2.03

--- K_drop = 30 (universe size = 80) ---
  draw 10: mean=-0.699
  draw 20: mean=-0.875
  draw 30: mean=-1.053
  K=30: mean=-1.05  std=0.97  p5/p50/p95=-2.64/-1.10/+0.55  min=-3.28  max=+1.11
           4/30 positive, 0/30 beat baseline +2.03

--- K_drop = 40 (universe size = 70) ---
  draw 10: mean=-0.385
  draw 20: mean=-0.494
  draw 30: mean=-0.429
  K=40: mean=-0.43  std=1.03  p5/p50/p95=-2.25/-0.40/+0.79  min=-2.28  max=+2.05
           11/30 positive, 1/30 beat baseline +2.03

====================================================================================================
  STEP 43 SUMMARY (V2 110-panel vs Step 40 V2 51-panel)
====================================================================================================
    K_drop |   110 mean |  110 std |  110 worst |  51 mean (ref) | 51 worst (ref)
        10 |      -1.24 |     0.59 |      -2.62 |          +1.28 |          -1.09
        20 |      -1.02 |     0.75 |      -2.64 |          +0.69 |          -2.07
        30 |      -1.05 |     0.97 |      -3.28 |              — |              —
        40 |      -0.43 |     1.03 |      -2.28 |              — |              —

  Total: 1471s
