====================================================================================================
  STEP 58: CLEAN-108 retrain (drop ONLY SIREN+JELLYJELLY, full retrain on 108)
====================================================================================================
[clean-108] dropped {'SIRENUSDT', 'JELLYJELLYUSDT'}: kept 108/110 symbols
Panel: 12,573,988 rows × 108 symbols
  Recomputed sigma_idio on HL fold-0 (median 0.02140)
  target_z std: 0.918

Building V2 features...
  V2 features: 22

Training V2 on 110-symbol expanded universe (BTC excluded from input panel)...
    fold 0: IC=-0.0126, n_train=854,676, n_test=916,234, 18s
    fold 1: IC=-0.0287, n_train=1,340,768, n_test=924,480, 25s
    fold 2: IC=-0.0119, n_train=1,838,704, n_test=924,480, 35s
    fold 3: IC=-0.0060, n_train=2,325,147, n_test=927,936, 43s
    fold 4: IC=+0.0163, n_train=2,831,862, n_test=933,120, 52s
    fold 5: IC=+0.0001, n_train=3,319,326, n_test=933,120, 61s
    fold 6: IC=-0.0056, n_train=3,811,291, n_test=933,120, 68s
    fold 7: IC=+0.0074, n_train=4,325,092, n_test=933,120, 78s
    fold 8: IC=+0.0035, n_train=4,835,813, n_test=933,120, 87s
    fold 9: IC=+0.0025, n_train=5,340,549, n_test=933,120, 96s

Overall IC: -0.0035
  Saved: universe_per_cycle.parquet (1620 cycles)

====================================================================================================
  V2 on 110-symbol expanded universe (BTC excluded) + V3.1 sleeve
====================================================================================================
  A baseline (pred_z): Sharpe=-1.37 [-3.57,+0.99]  folds+=3/9  gross=-4.10  traded=1466/1620
  B IC_signed (pred_B): Sharpe=+2.20 [+0.23,+4.42]  folds+=8/9  gross=+7.89  traded=1456/1620

  LOFO on B (Sharpe = +2.20):
    excl 1: +2.11 (Δ -0.09)
    excl 2: +2.35 (Δ +0.15)
    excl 3: +2.17 (Δ -0.03)
    excl 4: +2.10 (Δ -0.10)
    excl 5: +1.91 (Δ -0.29)
    excl 6: +2.56 (Δ +0.36)
    excl 7: +2.02 (Δ -0.18)
    excl 8: +1.80 (Δ -0.40)
    excl 9: +2.78 (Δ +0.58)

====================================================================================================
  COMPARISON LADDER
====================================================================================================
  V2 (51-panel, 22 ft) + sleeve (Step 34/35):    +2.19 (7/9 folds+)
  V2 (110 symbols, 111 input panel minus BTC, full retrain) + sleeve (THIS):  +2.20 (8/9 folds+)
  LGBM Phase UNI-111 (memory):                   -1.48 (3/9 folds+) — CONTEXTUAL only, not apples-to-apples

Total: 697s
