=== Step 36: Raw 4h cycle baseline (no sleeve) ===

K=3, cost per cycle = 27.0 bps (2K legs × 4.5 bps)


====================================================================================================
  v0_standard (raw 4h cycle, no sleeve)
====================================================================================================
  A baseline (pred_z): Sharpe=-5.99 [-8.46,-4.16]  gross=-1.50  folds+=0/9  traded=921/1620
  B IC_signed (pred_B): Sharpe=-7.01 [-11.84,-3.77]  gross=+1.56  folds+=1/9  traded=924/1620
  LOFO on B (Sharpe = -7.01):
    excl 1: -6.18 (Δ +0.83)
    excl 2: -9.73 (Δ -2.72)  ← drives
    excl 3: -7.07 (Δ -0.06)
    excl 4: -7.15 (Δ -0.13)
    excl 5: -5.89 (Δ +1.12)
    excl 6: -6.68 (Δ +0.33)
    excl 7: -6.76 (Δ +0.25)
    excl 8: -6.57 (Δ +0.45)
    excl 9: -7.77 (Δ -0.76)  ← drives

====================================================================================================
  v1_fixed (raw 4h cycle, no sleeve)
====================================================================================================
  A baseline (pred_z): Sharpe=-3.94 [-7.16,-1.42]  gross=+2.59  folds+=1/9  traded=908/1620
  B IC_signed (pred_B): Sharpe=-5.12 [-11.66,-1.74]  gross=+1.77  folds+=1/9  traded=952/1620
  LOFO on B (Sharpe = -5.12):
    excl 1: -4.52 (Δ +0.60)
    excl 2: -5.25 (Δ -0.13)
    excl 3: -5.01 (Δ +0.12)
    excl 4: -4.95 (Δ +0.17)
    excl 5: -4.33 (Δ +0.79)
    excl 6: -4.87 (Δ +0.25)
    excl 7: -4.78 (Δ +0.35)
    excl 8: -4.65 (Δ +0.47)
    excl 9: -9.93 (Δ -4.81)  ← drives

====================================================================================================
  v2_fixed (raw 4h cycle, no sleeve)
====================================================================================================
  A baseline (pred_z): Sharpe=-5.53 [-7.88,-3.20]  gross=-0.88  folds+=1/9  traded=878/1620
  B IC_signed (pred_B): Sharpe=-7.45 [-10.67,-4.74]  gross=-0.16  folds+=1/9  traded=937/1620
  LOFO on B (Sharpe = -7.45):
    excl 1: -6.67 (Δ +0.78)
    excl 2: -8.32 (Δ -0.87)  ← drives
    excl 3: -7.46 (Δ -0.01)
    excl 4: -7.75 (Δ -0.30)
    excl 5: -6.62 (Δ +0.84)
    excl 6: -7.09 (Δ +0.37)
    excl 7: -7.12 (Δ +0.33)
    excl 8: -6.99 (Δ +0.46)
    excl 9: -9.42 (Δ -1.97)  ← drives

====================================================================================================
  RAW 4H CYCLE SUMMARY (NO SLEEVE OVERLAY)
====================================================================================================
  variant           A_baseline     B_IC_signed    folds+ (B)    traded (B)
  v0_standard            -5.99           -7.01           1/9           924
  v1_fixed               -3.94           -5.12           1/9           952
  v2_fixed               -5.53           -7.45           1/9           937

  Reference comparisons:
    V0/V1/V2 with V3.1 sleeve: +0.67 / +1.21 / +2.19
    LGBM K=3 production (raw 4h, no sleeve): +1.98 (per memory)
    LGBM K=3 + V3.1 sleeve (production): +2.23 (per memory)

  Saved: results/step36_*.csv
  Total: 34s
