====================================================================================================
  STEP 39: V2 fixed WITHOUT conv_gate
====================================================================================================
  GATE_PCTILE: 0.3 → 0.0 (disabled)
  Kept gates: universe filter, PM_M=2, filter_refill


====================================================================================================
  V2 fixed predictions + V3.1 sleeve, NO conv_gate
====================================================================================================
  A baseline (pred_z): Sharpe=-1.43 [-3.60,+1.01]  folds+=3/9  gross=-2.33  traded=1467/1620
  B IC_signed (pred_B): Sharpe=+1.85 [-0.19,+4.06]  folds+=8/9  gross=+4.09  traded=1585/1620

  LOFO on B (Sharpe = +1.85):
    excl 1: +1.33 (Δ -0.52)  ← drives
    excl 2: +1.06 (Δ -0.79)  ← drives
    excl 3: +1.99 (Δ +0.14)
    excl 4: +2.09 (Δ +0.24)
    excl 5: +1.93 (Δ +0.08)
    excl 6: +1.88 (Δ +0.03)
    excl 7: +1.93 (Δ +0.08)
    excl 8: +1.93 (Δ +0.08)
    excl 9: +2.58 (Δ +0.73)

====================================================================================================
  COMPARISON
====================================================================================================
  V2 fixed + sleeve + ALL gates (Step 34/35):  Sharpe +2.19 (7/9 folds+)
  V2 fixed + sleeve + NO conv_gate (THIS):     Sharpe +1.85 (8/9 folds+)
  V2 fixed + raw 4h cycle, no sleeve (Step 36): Sharpe -7.45 (1/9 folds+)

  conv_gate contribution: +0.34 Sharpe
  Cycles traded: 1585/1620 = 98% (vs ~50% with conv_gate)

  Total: 13s
