====================================================================================================
  STEP 82a: carrier bucket-stability pre-gate (volaug/hl42)
  PRE-GATE: same-sign rho >=7/9 AND each top-3 bucket >=6/9 pos AND profile-persist rho >=+0.3
====================================================================================================
  hl42: 42 syms, 2460 cycles

  [only_squared / ridge_xsz]  dom=+  same-sign=8/9  profile-persist rho=-0.062
    per-fold decile rho: [0.2, 0.661, 0.333, 0.091, 0.248, -0.018, 0.418, 0.297, 0.079]
    full decile bps    : [-0.51, -1.28, 2.22, 2.97, 1.69, -0.19, 1.25, 4.66, -0.15, 7.25]
    top3 buckets [9, 7, 3] pos-folds [6, 5, 5] (need each >=6)
    PRE-GATE: FAIL

  [only_squared / nnls_oriented]  dom=+  same-sign=7/9  profile-persist rho=-0.076
    per-fold decile rho: [0.224, 0.345, -0.43, 0.333, 0.212, 0.309, -0.842, 0.673, 0.055]
    full decile bps    : [2.0, -0.04, -0.55, 2.59, 1.55, 2.03, -0.2, 0.44, 4.85, 5.49]
    top3 buckets [9, 8, 3] pos-folds [5, 5, 5] (need each >=6)
    PRE-GATE: FAIL

  [sqbtcrel / ridge_xsz]  dom=+  same-sign=8/9  profile-persist rho=+0.064
    per-fold decile rho: [0.333, 0.636, 0.188, -0.164, 0.818, 0.455, 0.503, 0.261, 0.091]
    full decile bps    : [0.19, -1.34, 1.22, 0.65, 1.61, 2.14, 3.43, -0.16, 2.62, 7.46]
    top3 buckets [9, 6, 8] pos-folds [6, 5, 4] (need each >=6)
    PRE-GATE: FAIL

  [sqbtcrel / nnls_oriented]  dom=+  same-sign=7/9  profile-persist rho=+0.030
    per-fold decile rho: [0.539, 0.564, -0.309, -0.115, 0.648, 0.43, 0.188, 0.382, 0.248]
    full decile bps    : [-0.24, 1.24, 0.06, 0.02, 2.94, 4.67, -0.69, 3.01, 2.96, 4.81]
    top3 buckets [9, 5, 7] pos-folds [5, 6, 5] (need each >=6)
    PRE-GATE: FAIL

====================================================================================================
  VERDICT: FAIL — no carrier bucket map is fold-stable (best profile-persist rho +0.06 < +0.3). The bucket calibration would inherit the instability — measured now on the RIGHT carrier (squared/non-monotone), not the Step-77 shrunk-composite proxy. Step 82b NOT well-posed; the non-monotone structure is real but its bucket map does not persist OOS. Pivot to proper-24h (Step-76 bug) as the remaining genuinely-untested direction.

Saved under /home/yuqing/ctaNew/linear_model/results/step82a_carrier_bucket_stability
Total: 475s
