====================================================================================================
  STEP 41: V2 on 111-panel + V3.1 sleeve
====================================================================================================
Panel: 12,809,092 rows × 110 symbols
  target_z std: 0.917

Building V2 features...
  V2 features: 22

Training V2 on 111-panel...
    fold 0: IC=-0.0143, n_train=870,481, n_test=933,514, 18s
    fold 1: IC=-0.0310, n_train=1,365,716, n_test=941,760, 26s
    fold 2: IC=-0.0113, n_train=1,872,963, n_test=941,760, 35s
    fold 3: IC=-0.0067, n_train=2,368,355, n_test=945,216, 43s
    fold 4: IC=+0.0139, n_train=2,884,699, n_test=950,400, 52s
    fold 5: IC=+0.0029, n_train=3,381,170, n_test=950,400, 61s
    fold 6: IC=-0.0039, n_train=3,882,308, n_test=950,400, 69s
    fold 7: IC=+0.0099, n_train=4,405,519, n_test=950,400, 78s
    fold 8: IC=+0.0060, n_train=4,925,323, n_test=950,400, 88s
    fold 9: IC=+0.0014, n_train=5,439,447, n_test=950,400, 98s

Overall IC: -0.0033
  Saved: universe_per_cycle.parquet (1620 cycles)

====================================================================================================
  V2 on 111-panel + V3.1 sleeve
====================================================================================================
  A baseline (pred_z): Sharpe=+1.43 [-1.00,+3.64]  folds+=4/9  gross=+8.40  traded=1463/1620
  B IC_signed (pred_B): Sharpe=+2.03 [-0.22,+4.14]  folds+=6/9  gross=+10.39  traded=1448/1620

  LOFO on B (Sharpe = +2.03):
    excl 1: +2.22 (Δ +0.19)
    excl 2: +2.11 (Δ +0.08)
    excl 3: +2.23 (Δ +0.20)
    excl 4: +2.83 (Δ +0.81)
    excl 5: +1.33 (Δ -0.69)  ← drives
    excl 6: +2.13 (Δ +0.10)
    excl 7: +2.16 (Δ +0.13)
    excl 8: +1.18 (Δ -0.84)  ← drives
    excl 9: +2.10 (Δ +0.07)

====================================================================================================
  COMPARISON LADDER
====================================================================================================
  V2 (51-panel, 22 ft) + sleeve (Step 34/35):    +2.19 (7/9 folds+)
  V2 (111-panel, full retrain) + sleeve (THIS):  +2.03 (6/9 folds+)
  LGBM Phase UNI-111 (memory):                   -1.48 (3/9 folds+)

Total: 688s
