====================================================================================================
  STEP 44: V2 on 111-input panel (110 traded after BTC exclusion) + V3.1 sleeve
====================================================================================================
Panel: 12,809,092 rows × 110 symbols
  target_z std: 0.917

Building V2 features...
  V2 features: 22

Training V2 on 110-symbol expanded universe (BTC excluded from input panel)...
    fold 0: IC=-0.0144, n_train=870,383, n_test=933,514, 19s
    fold 1: IC=-0.0321, n_train=1,365,618, n_test=941,760, 28s
    fold 2: IC=-0.0116, n_train=1,872,865, n_test=941,760, 38s
    fold 3: IC=-0.0048, n_train=2,368,257, n_test=945,216, 46s
    fold 4: IC=+0.0135, n_train=2,884,601, n_test=950,400, 56s
    fold 5: IC=-0.0004, n_train=3,381,072, n_test=950,400, 66s
    fold 6: IC=-0.0072, n_train=3,882,210, n_test=950,400, 74s
    fold 7: IC=+0.0038, n_train=4,405,421, n_test=950,400, 84s
    fold 8: IC=+0.0030, n_train=4,925,225, n_test=950,400, 95s
    fold 9: IC=-0.0005, n_train=5,439,349, n_test=950,400, 104s

Overall IC: -0.0051
  Saved: universe_per_cycle.parquet (1620 cycles)

====================================================================================================
  V2 on 110-symbol expanded universe (BTC excluded) + V3.1 sleeve
====================================================================================================
  A baseline (pred_z): Sharpe=+1.11 [-1.22,+3.26]  folds+=5/9  gross=+7.03  traded=1484/1620
  B IC_signed (pred_B): Sharpe=+2.11 [+0.14,+3.77]  folds+=6/9  gross=+14.38  traded=1466/1620

  LOFO on B (Sharpe = +2.11):
    excl 1: +2.21 (Δ +0.09)
    excl 2: +2.33 (Δ +0.21)
    excl 3: +2.32 (Δ +0.20)
    excl 4: +2.72 (Δ +0.61)
    excl 5: +1.67 (Δ -0.45)  ← drives
    excl 6: +2.24 (Δ +0.13)
    excl 7: +1.90 (Δ -0.21)
    excl 8: +1.81 (Δ -0.30)
    excl 9: +1.78 (Δ -0.34)

====================================================================================================
  COMPARISON LADDER
====================================================================================================
  V2 (51-panel, 22 ft) + sleeve (Step 34/35):    +2.19 (7/9 folds+)
  V2 (110 symbols, 111 input panel minus BTC, full retrain) + sleeve (THIS):  +2.11 (6/9 folds+)
  LGBM Phase UNI-111 (memory):                   -1.48 (3/9 folds+) — CONTEXTUAL only, not apples-to-apples

Total: 729s
