====================================================================================================
  STEP 52: WRAPPER-SYMMETRIC placebo (full-PIT V2 110-panel, causal)
====================================================================================================
  Only difference real vs placebo: pred = model pred_B vs random scores
  select_refill + picks_hist + conv_gate + PM all run IDENTICALLY
  Reference (gate-consistent only, Step 50): +3.11, P1 +1.45, P2 +1.61

--- Real V2 (model pred) through wrapper-symmetric protocol ---
  Sharpe = +3.11 [+1.06,+4.92], folds+=7/9, gross=+15.42

--- Wrapper-symmetric placebos × 100 (random pred, same wrapper) ---
  seed 25: mean=-0.292
  seed 50: mean=-0.253
  seed 75: mean=-0.209
  seed 100: mean=-0.135
  Placebo mean: -0.135  std: 1.212
  p5/p25/p50/p75/p95/p99: -2.26/-0.94/-0.01/+0.77/+1.74/+2.08
  max placebo: +2.63
  Real rank: 100.0%
  Edge over p95: +1.37
  Edge over p99: +1.03

====================================================================================================
  WRAPPER-SYMMETRIC VERDICT
====================================================================================================
  Real Sharpe (model pred):  +3.11  CI=[+1.06,+4.92]
  Wrapper-symmetric placebo p95: +1.74  →  PASS (edge +1.37)
  vs Step 50 (gate-consistent only): real +3.11, P1 +1.45, P2 +1.61

  Interpretation: if real still beats this placebo, the model's
  prediction adds value beyond the wrapper machinery (refill/picks_hist/
  gate) — the cleanest model-vs-random test.

Total: 457s
