====================================================================================================
  STEP 50: CAUSAL-aligned aggregator rerun on full-PIT V2 110-panel
====================================================================================================
  Causal-immediate: gross[t] = tw × alpha[t] (new weights earn new cycle)
  vs lagged (Step 47): gross[t] = prev_weights × alpha[t]
  Reviewer recompute: lagged +3.35 → causal ~+3.11–3.13

Panel symbols: 110 (BTC excluded)

--- Real V2 B_IC_signed under CAUSAL aggregator ---
  V2 110-panel CAUSAL: Sharpe = +3.11 [+1.06, +4.92], folds+=7/9, gross=+15.42, traded=1473/1620
  (For reference: lagged Step 47 = +3.35; reviewer recompute = +3.11-3.13)

  LOFO on B (causal, Sharpe = +3.11):
    excl 1: +3.70 (Δ +0.59)
    excl 2: +3.29 (Δ +0.19)
    excl 3: +3.37 (Δ +0.26)
    excl 4: +2.54 (Δ -0.56)  ← drives
    excl 5: +2.30 (Δ -0.80)  ← drives
    excl 6: +3.45 (Δ +0.34)
    excl 7: +3.12 (Δ +0.01)
    excl 8: +2.91 (Δ -0.20)
    excl 9: +3.31 (Δ +0.20)
  Loading kline volumes for 110 symbols...

--- P1 placebo (liq univ random) × 100 (CAUSAL) ---
  seed 25: mean=-0.210
  seed 50: mean=-0.346
  seed 75: mean=-0.277
  seed 100: mean=-0.267
  P1 mean: -0.267  std: 1.141
  P1 p5/p25/p50/p75/p95: -2.09/-1.16/-0.31/+0.56/+1.66
  V2 rank in P1: 100.0%
  Edge over P1 p95: +1.45

--- P2 placebo (V2 univ random) × 100 (CAUSAL) ---
  seed 25: mean=+0.189
  seed 50: mean=+0.016
  seed 75: mean=-0.090
  seed 100: mean=-0.079
  P2 mean: -0.079  std: 1.156
  P2 p5/p25/p50/p75/p95: -1.88/-0.76/-0.01/+0.70/+1.50
  V2 rank in P2: 100.0%
  Edge over P2 p95: +1.61

====================================================================================================
  V2 110-PANEL FULL-PIT + CAUSAL AGGREGATOR — FINAL VERDICT
====================================================================================================
  V2 Sharpe (causal): +3.11  CI=[+1.06,+4.92]
  P1 (liq univ random) p95: +1.66  →  PASS (edge +1.45)
  P2 (V2 univ random)  p95: +1.50  →  PASS (edge +1.61)

  References (lagged aggregator):
    Step 47 reported (lagged): Sharpe +3.35
    Step 48 placebos (lagged): P1 p100 (+1.69), P2 p100 (+1.81)
    V2 51-panel (lagged):      Sharpe +2.19, P1 p99 (+1.04), P2 p97 (+0.58)

Total: 844s
