=== Step 36: Raw 4h cycle baseline (no sleeve) ===

K=3, cost per cycle = 9.0 bps (2K legs × 4.5 bps)


====================================================================================================
  v0_standard (raw 4h cycle, no sleeve)
====================================================================================================
  A baseline (pred_z): Sharpe=-2.36 [-4.62,-0.56]  gross=-1.50  folds+=2/9  traded=921/1620
  B IC_signed (pred_B): Sharpe=-1.84 [-5.04,+0.39]  gross=+1.56  folds+=3/9  traded=924/1620
  LOFO on B (Sharpe = -1.84):
    excl 1: -1.47 (Δ +0.37)
    excl 2: -3.46 (Δ -1.62)  ← drives
    excl 3: -2.03 (Δ -0.19)
    excl 4: -1.85 (Δ -0.01)
    excl 5: -0.78 (Δ +1.06)
    excl 6: -1.67 (Δ +0.17)
    excl 7: -1.88 (Δ -0.04)
    excl 8: -1.51 (Δ +0.33)
    excl 9: -2.30 (Δ -0.45)  ← drives

====================================================================================================
  v1_fixed (raw 4h cycle, no sleeve)
====================================================================================================
  A baseline (pred_z): Sharpe=-0.77 [-3.44,+1.41]  gross=+2.59  folds+=2/9  traded=908/1620
  B IC_signed (pred_B): Sharpe=-1.30 [-5.31,+0.80]  gross=+1.77  folds+=2/9  traded=952/1620
  LOFO on B (Sharpe = -1.30):
    excl 1: -1.07 (Δ +0.23)
    excl 2: -1.43 (Δ -0.14)
    excl 3: -1.30 (Δ -0.01)
    excl 4: -1.08 (Δ +0.22)
    excl 5: -0.67 (Δ +0.63)
    excl 6: -1.19 (Δ +0.11)
    excl 7: -1.17 (Δ +0.13)
    excl 8: -0.97 (Δ +0.32)
    excl 9: -3.88 (Δ -2.58)  ← drives

====================================================================================================
  v2_fixed (raw 4h cycle, no sleeve)
====================================================================================================
  A baseline (pred_z): Sharpe=-2.06 [-4.26,+0.16]  gross=-0.88  folds+=2/9  traded=878/1620
  B IC_signed (pred_B): Sharpe=-2.55 [-5.07,-0.37]  gross=-0.16  folds+=2/9  traded=937/1620
  LOFO on B (Sharpe = -2.55):
    excl 1: -2.13 (Δ +0.42)
    excl 2: -3.21 (Δ -0.66)  ← drives
    excl 3: -2.40 (Δ +0.16)
    excl 4: -2.66 (Δ -0.11)
    excl 5: -1.86 (Δ +0.69)
    excl 6: -2.29 (Δ +0.27)
    excl 7: -2.54 (Δ +0.02)
    excl 8: -2.28 (Δ +0.28)
    excl 9: -3.83 (Δ -1.28)  ← drives

====================================================================================================
  RAW 4H CYCLE SUMMARY (NO SLEEVE OVERLAY)
====================================================================================================
  variant           A_baseline     B_IC_signed    folds+ (B)    traded (B)
  v0_standard            -2.36           -1.84           3/9           924
  v1_fixed               -0.77           -1.30           2/9           952
  v2_fixed               -2.06           -2.55           2/9           937

  Reference comparisons:
    V0/V1/V2 with V3.1 sleeve: +0.67 / +1.21 / +2.19
    LGBM K=3 production (raw 4h, no sleeve): +1.98 (per memory)
    LGBM K=3 + V3.1 sleeve (production): +2.23 (per memory)

  Saved: results/step36_*.csv
  Total: 34s
