====================================================================================================
  STEP 53: pred_B-universe variant (vs Step 50 pred_z-universe +3.11)
====================================================================================================
  Causal-immediate: gross[t] = tw × alpha[t] (new weights earn new cycle)
  vs lagged (Step 47): gross[t] = prev_weights × alpha[t]
  Reviewer recompute: lagged +3.35 → causal ~+3.11–3.13

Panel symbols: 110 (BTC excluded)

--- Real V2 B_IC_signed under CAUSAL aggregator ---
  V2 110-panel CAUSAL: Sharpe = +1.16 [-0.83, +2.69], folds+=3/9, gross=+7.91, traded=1057/1620
  (For reference: lagged Step 47 = +3.35; reviewer recompute = +3.11-3.13)

  LOFO on B (causal, Sharpe = +1.16):
    excl 1: +1.23 (Δ +0.07)
    excl 2: +1.23 (Δ +0.07)
    excl 3: +1.28 (Δ +0.11)
    excl 4: +1.37 (Δ +0.21)
    excl 5: +1.27 (Δ +0.11)
    excl 6: +1.34 (Δ +0.18)
    excl 7: +0.91 (Δ -0.25)
    excl 8: +0.97 (Δ -0.19)
    excl 9: +0.82 (Δ -0.35)
  Loading kline volumes for 110 symbols...

--- P1 placebo (liq univ random) × 100 (CAUSAL) ---
  seed 25: mean=-0.210
  seed 50: mean=-0.346
  seed 75: mean=-0.277
  seed 100: mean=-0.267
  P1 mean: -0.267  std: 1.141
  P1 p5/p25/p50/p75/p95: -2.09/-1.16/-0.31/+0.56/+1.66
  V2 rank in P1: 89.0%
  Edge over P1 p95: -0.49

--- P2 placebo (V2 univ random) × 100 (CAUSAL) ---
  seed 25: mean=-0.234
  seed 50: mean=-0.205
  seed 75: mean=-0.121
  seed 100: mean=-0.100
  P2 mean: -0.100  std: 1.195
  P2 p5/p25/p50/p75/p95: -1.95/-0.94/-0.13/+0.70/+1.85
  V2 rank in P2: 88.0%
  Edge over P2 p95: -0.69

====================================================================================================
  V2 110-PANEL FULL-PIT + CAUSAL AGGREGATOR — FINAL VERDICT
====================================================================================================
  V2 Sharpe (causal): +1.16  CI=[-0.83,+2.69]
  P1 (liq univ random) p95: +1.66  →  FAIL (edge -0.49)
  P2 (V2 univ random)  p95: +1.85  →  FAIL (edge -0.69)

  References (lagged aggregator):
    Step 47 reported (lagged): Sharpe +3.35
    Step 48 placebos (lagged): P1 p100 (+1.69), P2 p100 (+1.81)
    V2 51-panel (lagged):      Sharpe +2.19, P1 p99 (+1.04), P2 p97 (+0.58)

Total: 813s
