====================================================================================================
  STEP 60: HL-native (70-sym) — CAUSAL aggregator + realized funding
====================================================================================================
  Step 56 reference (LAGGED aggregator): B = -1.29, A = -1.52

HL-native universe: 70 symbols (PIPPIN in? False; BROCCOLI714 in? False)

Inferring per-symbol funding cadence from data...
  funding interval dist (h): {8.0: 34, 4.0: 36}, mean |block funding| = 0.92 bps

====================================================================================================
  HL-NATIVE B_IC_signed — causal aggregator
====================================================================================================
  Sharpe causal NO funding : -1.48   (vs Step 56 LAGGED -1.29)
  Sharpe causal WITH fund  : -1.45  [-3.48, +0.67]
  mean gross   = -1.82 bps/cyc
  mean funding = +0.05 bps/cyc (>0 = strategy EARNS funding)
  mean cost    = +0.60 bps/cyc
  mean net     = -2.37 bps/cyc
  folds+ = 3/9

  Per-fold (gross / funding / cost / net / Sharpe):
    fold 1: g=  -0.58  f= +0.08  c= 0.53  net=  -1.03  Sh=-0.53
    fold 2: g=  +2.23  f= +0.03  c= 0.33  net=  +1.92  Sh=+1.92
    fold 3: g=  +0.07  f= -0.04  c= 0.11  net=  -0.08  Sh=-0.14
    fold 4: g= -16.20  f= -0.07  c= 0.85  net= -17.13  Sh=-7.09
    fold 5: g=  -7.45  f= +0.13  c= 0.79  net=  -8.12  Sh=-4.51
    fold 6: g=  +3.36  f= -0.20  c= 0.61  net=  +2.54  Sh=+1.75
    fold 7: g=  +3.59  f= +0.48  c= 0.75  net=  +3.32  Sh=+1.66
    fold 8: g=  +0.32  f= +0.09  c= 0.82  net=  -0.41  Sh=-0.28
    fold 9: g=  -1.76  f= +0.01  c= 0.57  net=  -2.32  Sh=-1.98
  Loading kline volumes for 70 symbols...

  P1 (liq-univ random) ×100 WITH funding: p95=+1.77  real rank p11  edge -3.21  FAIL

  P2 (V2-univ random) ×100 WITH funding: p95=+1.37  real rank p25  edge -2.82  FAIL

  VERDICT: clean-108 causal+fund = +2.34 (PASS p98); HL-native causal+fund = -1.45 — tests whether a tradeable version exists.

Total: 622s
