====================================================================================================
  STEP 58b: clean-108 causal + placebos + per-symbol attribution
====================================================================================================
  Causal-immediate: gross[t] = tw × alpha[t] (new weights earn new cycle)
  vs lagged (Step 47): gross[t] = prev_weights × alpha[t]
  Reviewer recompute: lagged +3.35 → causal ~+3.11–3.13

Panel symbols: 108 (BTC excluded)

--- Real V2 B_IC_signed under CAUSAL aggregator ---
  V2 110-panel CAUSAL: Sharpe = +2.34 [+0.57, +4.49], folds+=7/9, gross=+9.55, traded=1457/1620
  (For reference: lagged Step 47 = +3.35; reviewer recompute = +3.11-3.13)

  LOFO on B (causal, Sharpe = +2.34):
    excl 1: +2.34 (Δ -0.01)
    excl 2: +2.53 (Δ +0.19)
    excl 3: +2.40 (Δ +0.05)
    excl 4: +2.25 (Δ -0.09)
    excl 5: +2.26 (Δ -0.08)
    excl 6: +2.73 (Δ +0.39)
    excl 7: +2.00 (Δ -0.35)
    excl 8: +1.84 (Δ -0.50)  ← drives
    excl 9: +2.82 (Δ +0.48)
  Loading kline volumes for 108 symbols...

--- P1 placebo (liq univ random) × 100 (CAUSAL) ---
  seed 25: mean=-0.176
  seed 50: mean=-0.103
  seed 75: mean=+0.026
  seed 100: mean=-0.099
  P1 mean: -0.099  std: 1.045
  P1 p5/p25/p50/p75/p95: -1.71/-0.78/-0.05/+0.48/+1.54
  V2 rank in P1: 98.0%
  Edge over P1 p95: +0.81

--- P2 placebo (V2 univ random) × 100 (CAUSAL) ---
  seed 25: mean=-0.051
  seed 50: mean=-0.274
  seed 75: mean=-0.273
  seed 100: mean=-0.285
  P2 mean: -0.285  std: 1.154
  P2 p5/p25/p50/p75/p95: -2.02/-1.13/-0.33/+0.49/+1.48
  V2 rank in P2: 98.0%
  Edge over P2 p95: +0.87

====================================================================================================
  V2 110-PANEL FULL-PIT + CAUSAL AGGREGATOR — FINAL VERDICT
====================================================================================================
  V2 Sharpe (causal): +2.34  CI=[+0.57,+4.49]
  P1 (liq univ random) p95: +1.54  →  PASS (edge +0.81)
  P2 (V2 univ random)  p95: +1.48  →  PASS (edge +0.87)

  References (lagged aggregator):
    Step 47 reported (lagged): Sharpe +3.35
    Step 48 placebos (lagged): P1 p100 (+1.69), P2 p100 (+1.81)
    V2 51-panel (lagged):      Sharpe +2.19, P1 p99 (+1.04), P2 p97 (+0.58)

====================================================================================================
  PER-SYMBOL ATTRIBUTION (clean-108)
====================================================================================================
  total contrib: 20,412 bps | top-5 symbols: 22,765 bps (112% of total)
         symbol  contrib_bps  n_picks
     PIPPINUSDT 11740.363957      244
BROCCOLI714USDT  5759.832400      191
     SWARMSUSDT  1928.922121      211
      PENGUUSDT  1745.212521      145
        TRBUSDT  1591.162115      459
  BANANAS31USDT  1232.687672      196
       NEARUSDT  1199.484156       65
         B3USDT  1191.052852      138
        HEIUSDT  1047.783389      272
    MUBARAKUSDT   775.602602       61
  ...
      symbol  contrib_bps  n_picks
   SHELLUSDT  -746.800742      175
GRIFFAINUSDT  -866.215797       34
 VIRTUALUSDT -1313.216340       66
   LAYERUSDT -1608.342721      105
    FORMUSDT -1823.502603       80

Total: 846s
