2026-05-19 10:33:03,361 INFO [AAVEUSDT] pulling metrics for 410 days (2025-03-23 → 2026-05-06)
2026-05-19 10:33:05,897 INFO   [AAVEUSDT] 50/410 days fetched
2026-05-19 10:33:07,555 INFO   [AAVEUSDT] 100/410 days fetched
2026-05-19 10:33:09,417 INFO   [AAVEUSDT] 150/410 days fetched
2026-05-19 10:33:11,246 INFO   [AAVEUSDT] 200/410 days fetched
2026-05-19 10:33:12,911 INFO   [AAVEUSDT] 250/410 days fetched
2026-05-19 10:33:14,818 INFO   [AAVEUSDT] 300/410 days fetched
2026-05-19 10:33:16,630 INFO   [AAVEUSDT] 350/410 days fetched
2026-05-19 10:33:18,196 INFO   [AAVEUSDT] 400/410 days fetched
2026-05-19 10:33:18,810 INFO [AAVEUSDT] saved 118077 rows → /home/yuqing/ctaNew/data/ml/cache/metrics_AAVEUSDT.parquet
[1/28] AAVEUSDT: 118077 rows (15s)
2026-05-19 10:33:18,816 INFO [ASTERUSDT] pulling metrics for 410 days (2025-03-23 → 2026-05-06)
2026-05-19 10:33:20,840 INFO   [ASTERUSDT] 50/410 days fetched
2026-05-19 10:33:22,413 INFO   [ASTERUSDT] 100/410 days fetched
2026-05-19 10:33:24,062 INFO   [ASTERUSDT] 150/410 days fetched
2026-05-19 10:33:25,971 INFO   [ASTERUSDT] 200/410 days fetched
2026-05-19 10:33:27,822 INFO   [ASTERUSDT] 250/410 days fetched
2026-05-19 10:33:30,149 INFO   [ASTERUSDT] 300/410 days fetched
2026-05-19 10:33:32,066 INFO   [ASTERUSDT] 350/410 days fetched
2026-05-19 10:33:33,857 INFO   [ASTERUSDT] 400/410 days fetched
2026-05-19 10:33:34,369 INFO [ASTERUSDT] saved 66096 rows → /home/yuqing/ctaNew/data/ml/cache/metrics_ASTERUSDT.parquet
[2/28] ASTERUSDT: 66096 rows (31s)
2026-05-19 10:33:34,373 INFO [AXSUSDT] pulling metrics for 410 days (2025-03-23 → 2026-05-06)
2026-05-19 10:33:36,365 INFO   [AXSUSDT] 50/410 days fetched
2026-05-19 10:33:38,089 INFO   [AXSUSDT] 100/410 days fetched
2026-05-19 10:33:40,111 INFO   [AXSUSDT] 150/410 days fetched
2026-05-19 10:33:42,123 INFO   [AXSUSDT] 200/410 days fetched
2026-05-19 10:33:43,808 INFO   [AXSUSDT] 250/410 days fetched
2026-05-19 10:33:45,623 INFO   [AXSUSDT] 300/410 days fetched
2026-05-19 10:33:47,348 INFO   [AXSUSDT] 350/410 days fetched
2026-05-19 10:33:49,253 INFO   [AXSUSDT] 400/410 days fetched
2026-05-19 10:33:49,963 INFO [AXSUSDT] saved 118077 rows → /home/yuqing/ctaNew/data/ml/cache/metrics_AXSUSDT.parquet
[3/28] AXSUSDT: 118077 rows (47s)
2026-05-19 10:33:49,970 INFO [BIOUSDT] pulling metrics for 410 days (2025-03-23 → 2026-05-06)
2026-05-19 10:33:52,023 INFO   [BIOUSDT] 50/410 days fetched
2026-05-19 10:33:53,638 INFO   [BIOUSDT] 100/410 days fetched
2026-05-19 10:33:55,695 INFO   [BIOUSDT] 150/410 days fetched
2026-05-19 10:33:57,498 INFO   [BIOUSDT] 200/410 days fetched
2026-05-19 10:33:59,373 INFO   [BIOUSDT] 250/410 days fetched
2026-05-19 10:34:01,139 INFO   [BIOUSDT] 300/410 days fetched
2026-05-19 10:34:03,027 INFO   [BIOUSDT] 350/410 days fetched
2026-05-19 10:34:05,049 INFO   [BIOUSDT] 400/410 days fetched
2026-05-19 10:34:05,554 INFO [BIOUSDT] saved 118077 rows → /home/yuqing/ctaNew/data/ml/cache/metrics_BIOUSDT.parquet
[4/28] BIOUSDT: 118077 rows (62s)
2026-05-19 10:34:05,583 INFO [BTCUSDT] pulling metrics for 410 days (2025-03-23 → 2026-05-06)
2026-05-19 10:34:07,195 INFO   [BTCUSDT] 50/410 days fetched
2026-05-19 10:34:08,895 INFO   [BTCUSDT] 100/410 days fetched
2026-05-19 10:34:10,584 INFO   [BTCUSDT] 150/410 days fetched
2026-05-19 10:34:12,045 INFO   [BTCUSDT] 200/410 days fetched
2026-05-19 10:34:13,429 INFO   [BTCUSDT] 250/410 days fetched
2026-05-19 10:34:15,226 INFO   [BTCUSDT] 300/410 days fetched
2026-05-19 10:34:16,675 INFO   [BTCUSDT] 350/410 days fetched
2026-05-19 10:34:17,986 INFO   [BTCUSDT] 400/410 days fetched
2026-05-19 10:34:18,730 INFO [BTCUSDT] saved 118077 rows → /home/yuqing/ctaNew/data/ml/cache/metrics_BTCUSDT.parquet
[5/28] BTCUSDT: 118077 rows (75s)
2026-05-19 10:34:18,738 INFO [ENAUSDT] pulling metrics for 410 days (2025-03-23 → 2026-05-06)
2026-05-19 10:34:20,740 INFO   [ENAUSDT] 50/410 days fetched
2026-05-19 10:34:22,473 INFO   [ENAUSDT] 100/410 days fetched
2026-05-19 10:34:24,187 INFO   [ENAUSDT] 150/410 days fetched
2026-05-19 10:34:25,905 INFO   [ENAUSDT] 200/410 days fetched
2026-05-19 10:34:27,555 INFO   [ENAUSDT] 250/410 days fetched
2026-05-19 10:34:29,409 INFO   [ENAUSDT] 300/410 days fetched
2026-05-19 10:34:31,462 INFO   [ENAUSDT] 350/410 days fetched
2026-05-19 10:34:33,158 INFO   [ENAUSDT] 400/410 days fetched
2026-05-19 10:34:33,593 INFO [ENAUSDT] saved 118077 rows → /home/yuqing/ctaNew/data/ml/cache/metrics_ENAUSDT.parquet
[6/28] ENAUSDT: 118077 rows (90s)
2026-05-19 10:34:33,609 INFO [ETCUSDT] pulling metrics for 410 days (2025-03-23 → 2026-05-06)
2026-05-19 10:34:35,836 INFO   [ETCUSDT] 50/410 days fetched
2026-05-19 10:34:37,479 INFO   [ETCUSDT] 100/410 days fetched
2026-05-19 10:34:39,199 INFO   [ETCUSDT] 150/410 days fetched
2026-05-19 10:34:40,882 INFO   [ETCUSDT] 200/410 days fetched
2026-05-19 10:34:42,481 INFO   [ETCUSDT] 250/410 days fetched
2026-05-19 10:34:44,494 INFO   [ETCUSDT] 300/410 days fetched
2026-05-19 10:34:46,464 INFO   [ETCUSDT] 350/410 days fetched
2026-05-19 10:34:48,104 INFO   [ETCUSDT] 400/410 days fetched
2026-05-19 10:34:48,724 INFO [ETCUSDT] saved 118077 rows → /home/yuqing/ctaNew/data/ml/cache/metrics_ETCUSDT.parquet
[7/28] ETCUSDT: 118077 rows (105s)
2026-05-19 10:34:48,745 INFO [ETHUSDT] pulling metrics for 410 days (2025-03-23 → 2026-05-06)
2026-05-19 10:34:50,724 INFO   [ETHUSDT] 50/410 days fetched
2026-05-19 10:34:52,302 INFO   [ETHUSDT] 100/410 days fetched
2026-05-19 10:34:53,927 INFO   [ETHUSDT] 150/410 days fetched
2026-05-19 10:34:55,744 INFO   [ETHUSDT] 200/410 days fetched
2026-05-19 10:34:57,346 INFO   [ETHUSDT] 250/410 days fetched
2026-05-19 10:34:58,895 INFO   [ETHUSDT] 300/410 days fetched
2026-05-19 10:35:00,706 INFO   [ETHUSDT] 350/410 days fetched
2026-05-19 10:35:02,039 INFO   [ETHUSDT] 400/410 days fetched
2026-05-19 10:35:02,637 INFO [ETHUSDT] saved 118077 rows → /home/yuqing/ctaNew/data/ml/cache/metrics_ETHUSDT.parquet
[8/28] ETHUSDT: 118077 rows (119s)
2026-05-19 10:35:02,650 INFO [GMXUSDT] pulling metrics for 410 days (2025-03-23 → 2026-05-06)
2026-05-19 10:35:04,961 INFO   [GMXUSDT] 50/410 days fetched
2026-05-19 10:35:06,797 INFO   [GMXUSDT] 100/410 days fetched
2026-05-19 10:35:08,457 INFO   [GMXUSDT] 150/410 days fetched
2026-05-19 10:35:10,506 INFO   [GMXUSDT] 200/410 days fetched
2026-05-19 10:35:12,407 INFO   [GMXUSDT] 250/410 days fetched
2026-05-19 10:35:14,298 INFO   [GMXUSDT] 300/410 days fetched
2026-05-19 10:35:16,128 INFO   [GMXUSDT] 350/410 days fetched
2026-05-19 10:35:17,819 INFO   [GMXUSDT] 400/410 days fetched
2026-05-19 10:35:18,531 INFO [GMXUSDT] saved 118076 rows → /home/yuqing/ctaNew/data/ml/cache/metrics_GMXUSDT.parquet
[9/28] GMXUSDT: 118076 rows (135s)
2026-05-19 10:35:18,544 INFO [HBARUSDT] pulling metrics for 410 days (2025-03-23 → 2026-05-06)
2026-05-19 10:35:20,869 INFO   [HBARUSDT] 50/410 days fetched
2026-05-19 10:35:22,834 INFO   [HBARUSDT] 100/410 days fetched
2026-05-19 10:35:24,797 INFO   [HBARUSDT] 150/410 days fetched
2026-05-19 10:35:26,929 INFO   [HBARUSDT] 200/410 days fetched
2026-05-19 10:35:28,689 INFO   [HBARUSDT] 250/410 days fetched
2026-05-19 10:35:30,737 INFO   [HBARUSDT] 300/410 days fetched
2026-05-19 10:35:32,735 INFO   [HBARUSDT] 350/410 days fetched
2026-05-19 10:35:34,526 INFO   [HBARUSDT] 400/410 days fetched
2026-05-19 10:35:35,238 INFO [HBARUSDT] saved 118076 rows → /home/yuqing/ctaNew/data/ml/cache/metrics_HBARUSDT.parquet
[10/28] HBARUSDT: 118076 rows (152s)
2026-05-19 10:35:35,247 INFO [HYPEUSDT] pulling metrics for 410 days (2025-03-23 → 2026-05-06)
2026-05-19 10:35:37,137 INFO   [HYPEUSDT] 50/410 days fetched
2026-05-19 10:35:38,780 INFO   [HYPEUSDT] 100/410 days fetched
2026-05-19 10:35:40,721 INFO   [HYPEUSDT] 150/410 days fetched
2026-05-19 10:35:42,637 INFO   [HYPEUSDT] 200/410 days fetched
2026-05-19 10:35:44,329 INFO   [HYPEUSDT] 250/410 days fetched
2026-05-19 10:35:46,118 INFO   [HYPEUSDT] 300/410 days fetched
2026-05-19 10:35:47,811 INFO   [HYPEUSDT] 350/410 days fetched
2026-05-19 10:35:49,404 INFO   [HYPEUSDT] 400/410 days fetched
2026-05-19 10:35:49,995 INFO [HYPEUSDT] saved 98367 rows → /home/yuqing/ctaNew/data/ml/cache/metrics_HYPEUSDT.parquet
[11/28] HYPEUSDT: 98367 rows (167s)
2026-05-19 10:35:50,001 INFO [ICPUSDT] pulling metrics for 410 days (2025-03-23 → 2026-05-06)
2026-05-19 10:35:51,798 INFO   [ICPUSDT] 50/410 days fetched
2026-05-19 10:35:53,136 INFO   [ICPUSDT] 100/410 days fetched
2026-05-19 10:35:54,824 INFO   [ICPUSDT] 150/410 days fetched
2026-05-19 10:35:56,478 INFO   [ICPUSDT] 200/410 days fetched
2026-05-19 10:35:58,191 INFO   [ICPUSDT] 250/410 days fetched
2026-05-19 10:36:00,264 INFO   [ICPUSDT] 300/410 days fetched
2026-05-19 10:36:02,012 INFO   [ICPUSDT] 350/410 days fetched
2026-05-19 10:36:03,808 INFO   [ICPUSDT] 400/410 days fetched
2026-05-19 10:36:04,602 INFO [ICPUSDT] saved 118077 rows → /home/yuqing/ctaNew/data/ml/cache/metrics_ICPUSDT.parquet
[12/28] ICPUSDT: 118077 rows (181s)
2026-05-19 10:36:04,609 INFO [JTOUSDT] pulling metrics for 410 days (2025-03-23 → 2026-05-06)
2026-05-19 10:36:06,858 INFO   [JTOUSDT] 50/410 days fetched
2026-05-19 10:36:08,440 INFO   [JTOUSDT] 100/410 days fetched
2026-05-19 10:36:10,489 INFO   [JTOUSDT] 150/410 days fetched
2026-05-19 10:36:12,454 INFO   [JTOUSDT] 200/410 days fetched
2026-05-19 10:36:14,637 INFO   [JTOUSDT] 250/410 days fetched
2026-05-19 10:36:16,643 INFO   [JTOUSDT] 300/410 days fetched
2026-05-19 10:36:18,449 INFO   [JTOUSDT] 350/410 days fetched
2026-05-19 10:36:20,588 INFO   [JTOUSDT] 400/410 days fetched
2026-05-19 10:36:21,226 INFO [JTOUSDT] saved 118077 rows → /home/yuqing/ctaNew/data/ml/cache/metrics_JTOUSDT.parquet
[13/28] JTOUSDT: 118077 rows (198s)
2026-05-19 10:36:21,241 INFO [JUPUSDT] pulling metrics for 410 days (2025-03-23 → 2026-05-06)
2026-05-19 10:36:23,604 INFO   [JUPUSDT] 50/410 days fetched
2026-05-19 10:36:25,359 INFO   [JUPUSDT] 100/410 days fetched
2026-05-19 10:36:27,096 INFO   [JUPUSDT] 150/410 days fetched
2026-05-19 10:36:28,906 INFO   [JUPUSDT] 200/410 days fetched
2026-05-19 10:36:30,782 INFO   [JUPUSDT] 250/410 days fetched
2026-05-19 10:36:32,426 INFO   [JUPUSDT] 300/410 days fetched
2026-05-19 10:36:34,350 INFO   [JUPUSDT] 350/410 days fetched
2026-05-19 10:36:36,419 INFO   [JUPUSDT] 400/410 days fetched
2026-05-19 10:36:37,039 INFO [JUPUSDT] saved 118077 rows → /home/yuqing/ctaNew/data/ml/cache/metrics_JUPUSDT.parquet
[14/28] JUPUSDT: 118077 rows (214s)
2026-05-19 10:36:37,046 INFO [LDOUSDT] pulling metrics for 410 days (2025-03-23 → 2026-05-06)
2026-05-19 10:36:39,085 INFO   [LDOUSDT] 50/410 days fetched
2026-05-19 10:36:41,285 INFO   [LDOUSDT] 100/410 days fetched
2026-05-19 10:36:42,920 INFO   [LDOUSDT] 150/410 days fetched
2026-05-19 10:36:44,992 INFO   [LDOUSDT] 200/410 days fetched
2026-05-19 10:36:46,663 INFO   [LDOUSDT] 250/410 days fetched
2026-05-19 10:36:48,150 INFO   [LDOUSDT] 300/410 days fetched
2026-05-19 10:36:50,293 INFO   [LDOUSDT] 350/410 days fetched
2026-05-19 10:36:52,025 INFO   [LDOUSDT] 400/410 days fetched
2026-05-19 10:36:52,743 INFO [LDOUSDT] saved 118077 rows → /home/yuqing/ctaNew/data/ml/cache/metrics_LDOUSDT.parquet
[15/28] LDOUSDT: 118077 rows (229s)
2026-05-19 10:36:52,755 INFO [ONDOUSDT] pulling metrics for 410 days (2025-03-23 → 2026-05-06)
2026-05-19 10:36:54,950 INFO   [ONDOUSDT] 50/410 days fetched
2026-05-19 10:36:56,713 INFO   [ONDOUSDT] 100/410 days fetched
2026-05-19 10:36:58,202 INFO   [ONDOUSDT] 150/410 days fetched
2026-05-19 10:37:00,249 INFO   [ONDOUSDT] 200/410 days fetched
2026-05-19 10:37:01,893 INFO   [ONDOUSDT] 250/410 days fetched
2026-05-19 10:37:03,626 INFO   [ONDOUSDT] 300/410 days fetched
2026-05-19 10:37:05,596 INFO   [ONDOUSDT] 350/410 days fetched
2026-05-19 10:37:07,315 INFO   [ONDOUSDT] 400/410 days fetched
2026-05-19 10:37:07,840 INFO [ONDOUSDT] saved 118077 rows → /home/yuqing/ctaNew/data/ml/cache/metrics_ONDOUSDT.parquet
[16/28] ONDOUSDT: 118077 rows (244s)
2026-05-19 10:37:07,857 INFO [ORDIUSDT] pulling metrics for 410 days (2025-03-23 → 2026-05-06)
2026-05-19 10:37:10,295 INFO   [ORDIUSDT] 50/410 days fetched
2026-05-19 10:37:12,115 INFO   [ORDIUSDT] 100/410 days fetched
2026-05-19 10:37:13,821 INFO   [ORDIUSDT] 150/410 days fetched
2026-05-19 10:37:16,154 INFO   [ORDIUSDT] 200/410 days fetched
2026-05-19 10:37:17,761 INFO   [ORDIUSDT] 250/410 days fetched
2026-05-19 10:37:19,891 INFO   [ORDIUSDT] 300/410 days fetched
2026-05-19 10:37:21,707 INFO   [ORDIUSDT] 350/410 days fetched
2026-05-19 10:37:23,434 INFO   [ORDIUSDT] 400/410 days fetched
2026-05-19 10:37:23,970 INFO [ORDIUSDT] saved 118077 rows → /home/yuqing/ctaNew/data/ml/cache/metrics_ORDIUSDT.parquet
[17/28] ORDIUSDT: 118077 rows (261s)
2026-05-19 10:37:23,983 INFO [PENDLEUSDT] pulling metrics for 410 days (2025-03-23 → 2026-05-06)
2026-05-19 10:37:26,070 INFO   [PENDLEUSDT] 50/410 days fetched
2026-05-19 10:37:27,738 INFO   [PENDLEUSDT] 100/410 days fetched
2026-05-19 10:37:30,041 INFO   [PENDLEUSDT] 150/410 days fetched
2026-05-19 10:37:31,621 INFO   [PENDLEUSDT] 200/410 days fetched
2026-05-19 10:37:33,280 INFO   [PENDLEUSDT] 250/410 days fetched
2026-05-19 10:37:35,576 INFO   [PENDLEUSDT] 300/410 days fetched
2026-05-19 10:37:37,105 INFO   [PENDLEUSDT] 350/410 days fetched
2026-05-19 10:37:38,891 INFO   [PENDLEUSDT] 400/410 days fetched
2026-05-19 10:37:39,594 INFO [PENDLEUSDT] saved 118077 rows → /home/yuqing/ctaNew/data/ml/cache/metrics_PENDLEUSDT.parquet
[18/28] PENDLEUSDT: 118077 rows (276s)
2026-05-19 10:37:39,607 INFO [PENGUUSDT] pulling metrics for 410 days (2025-03-23 → 2026-05-06)
2026-05-19 10:37:41,675 INFO   [PENGUUSDT] 50/410 days fetched
2026-05-19 10:37:43,559 INFO   [PENGUUSDT] 100/410 days fetched
2026-05-19 10:37:45,637 INFO   [PENGUUSDT] 150/410 days fetched
2026-05-19 10:37:47,098 INFO   [PENGUUSDT] 200/410 days fetched
2026-05-19 10:37:48,822 INFO   [PENGUUSDT] 250/410 days fetched
2026-05-19 10:37:50,582 INFO   [PENGUUSDT] 300/410 days fetched
2026-05-19 10:37:52,141 INFO   [PENGUUSDT] 350/410 days fetched
2026-05-19 10:37:53,918 INFO   [PENGUUSDT] 400/410 days fetched
2026-05-19 10:37:54,706 INFO [PENGUUSDT] saved 118077 rows → /home/yuqing/ctaNew/data/ml/cache/metrics_PENGUUSDT.parquet
[19/28] PENGUUSDT: 118077 rows (291s)
2026-05-19 10:37:54,713 INFO [PUMPUSDT] pulling metrics for 410 days (2025-03-23 → 2026-05-06)
2026-05-19 10:37:56,829 INFO   [PUMPUSDT] 50/410 days fetched
2026-05-19 10:37:58,270 INFO   [PUMPUSDT] 100/410 days fetched
2026-05-19 10:38:00,612 INFO   [PUMPUSDT] 150/410 days fetched
2026-05-19 10:38:02,433 INFO   [PUMPUSDT] 200/410 days fetched
2026-05-19 10:38:04,356 INFO   [PUMPUSDT] 250/410 days fetched
2026-05-19 10:38:06,263 INFO   [PUMPUSDT] 300/410 days fetched
2026-05-19 10:38:07,899 INFO   [PUMPUSDT] 350/410 days fetched
2026-05-19 10:38:10,022 INFO   [PUMPUSDT] 400/410 days fetched
2026-05-19 10:38:10,580 INFO [PUMPUSDT] saved 104424 rows → /home/yuqing/ctaNew/data/ml/cache/metrics_PUMPUSDT.parquet
[20/28] PUMPUSDT: 104424 rows (307s)
2026-05-19 10:38:10,587 INFO [STRKUSDT] pulling metrics for 410 days (2025-03-23 → 2026-05-06)
2026-05-19 10:38:12,170 INFO   [STRKUSDT] 50/410 days fetched
2026-05-19 10:38:14,032 INFO   [STRKUSDT] 100/410 days fetched
2026-05-19 10:38:15,950 INFO   [STRKUSDT] 150/410 days fetched
2026-05-19 10:38:17,445 INFO   [STRKUSDT] 200/410 days fetched
2026-05-19 10:38:18,990 INFO   [STRKUSDT] 250/410 days fetched
2026-05-19 10:38:20,797 INFO   [STRKUSDT] 300/410 days fetched
2026-05-19 10:38:22,204 INFO   [STRKUSDT] 350/410 days fetched
2026-05-19 10:38:24,145 INFO   [STRKUSDT] 400/410 days fetched
2026-05-19 10:38:24,883 INFO [STRKUSDT] saved 118077 rows → /home/yuqing/ctaNew/data/ml/cache/metrics_STRKUSDT.parquet
[21/28] STRKUSDT: 118077 rows (322s)
2026-05-19 10:38:24,900 INFO [TAOUSDT] pulling metrics for 410 days (2025-03-23 → 2026-05-06)
2026-05-19 10:38:26,784 INFO   [TAOUSDT] 50/410 days fetched
2026-05-19 10:38:28,593 INFO   [TAOUSDT] 100/410 days fetched
2026-05-19 10:38:30,698 INFO   [TAOUSDT] 150/410 days fetched
2026-05-19 10:38:32,212 INFO   [TAOUSDT] 200/410 days fetched
2026-05-19 10:38:33,901 INFO   [TAOUSDT] 250/410 days fetched
2026-05-19 10:38:35,929 INFO   [TAOUSDT] 300/410 days fetched
2026-05-19 10:38:37,368 INFO   [TAOUSDT] 350/410 days fetched
2026-05-19 10:38:39,177 INFO   [TAOUSDT] 400/410 days fetched
2026-05-19 10:38:39,951 INFO [TAOUSDT] saved 118077 rows → /home/yuqing/ctaNew/data/ml/cache/metrics_TAOUSDT.parquet
[22/28] TAOUSDT: 118077 rows (337s)
2026-05-19 10:38:39,965 INFO [TONUSDT] pulling metrics for 410 days (2025-03-23 → 2026-05-06)
2026-05-19 10:38:41,822 INFO   [TONUSDT] 50/410 days fetched
2026-05-19 10:38:43,364 INFO   [TONUSDT] 100/410 days fetched
2026-05-19 10:38:45,471 INFO   [TONUSDT] 150/410 days fetched
2026-05-19 10:38:47,386 INFO   [TONUSDT] 200/410 days fetched
2026-05-19 10:38:49,002 INFO   [TONUSDT] 250/410 days fetched
2026-05-19 10:38:51,182 INFO   [TONUSDT] 300/410 days fetched
2026-05-19 10:38:52,592 INFO   [TONUSDT] 350/410 days fetched
2026-05-19 10:38:54,383 INFO   [TONUSDT] 400/410 days fetched
2026-05-19 10:38:55,117 INFO [TONUSDT] saved 118077 rows → /home/yuqing/ctaNew/data/ml/cache/metrics_TONUSDT.parquet
[23/28] TONUSDT: 118077 rows (352s)
2026-05-19 10:38:55,132 INFO [TRBUSDT] pulling metrics for 410 days (2025-03-23 → 2026-05-06)
2026-05-19 10:38:57,150 INFO   [TRBUSDT] 50/410 days fetched
2026-05-19 10:38:58,898 INFO   [TRBUSDT] 100/410 days fetched
2026-05-19 10:39:01,077 INFO   [TRBUSDT] 150/410 days fetched
2026-05-19 10:39:02,689 INFO   [TRBUSDT] 200/410 days fetched
2026-05-19 10:39:04,516 INFO   [TRBUSDT] 250/410 days fetched
2026-05-19 10:39:06,595 INFO   [TRBUSDT] 300/410 days fetched
2026-05-19 10:39:08,173 INFO   [TRBUSDT] 350/410 days fetched
2026-05-19 10:39:10,197 INFO   [TRBUSDT] 400/410 days fetched
2026-05-19 10:39:10,996 INFO [TRBUSDT] saved 118077 rows → /home/yuqing/ctaNew/data/ml/cache/metrics_TRBUSDT.parquet
[24/28] TRBUSDT: 118077 rows (368s)
2026-05-19 10:39:11,012 INFO [VIRTUALUSDT] pulling metrics for 410 days (2025-03-23 → 2026-05-06)
2026-05-19 10:39:12,848 INFO   [VIRTUALUSDT] 50/410 days fetched
2026-05-19 10:39:15,017 INFO   [VIRTUALUSDT] 100/410 days fetched
2026-05-19 10:39:16,809 INFO   [VIRTUALUSDT] 150/410 days fetched
2026-05-19 10:39:18,546 INFO   [VIRTUALUSDT] 200/410 days fetched
2026-05-19 10:39:20,901 INFO   [VIRTUALUSDT] 250/410 days fetched
2026-05-19 10:39:22,562 INFO   [VIRTUALUSDT] 300/410 days fetched
2026-05-19 10:39:24,495 INFO   [VIRTUALUSDT] 350/410 days fetched
2026-05-19 10:39:26,349 INFO   [VIRTUALUSDT] 400/410 days fetched
2026-05-19 10:39:26,945 INFO [VIRTUALUSDT] saved 118077 rows → /home/yuqing/ctaNew/data/ml/cache/metrics_VIRTUALUSDT.parquet
[25/28] VIRTUALUSDT: 118077 rows (384s)
2026-05-19 10:39:26,960 INFO [VVVUSDT] pulling metrics for 410 days (2025-03-23 → 2026-05-06)
2026-05-19 10:39:28,735 INFO   [VVVUSDT] 50/410 days fetched
2026-05-19 10:39:30,942 INFO   [VVVUSDT] 100/410 days fetched
2026-05-19 10:39:32,369 INFO   [VVVUSDT] 150/410 days fetched
2026-05-19 10:39:34,214 INFO   [VVVUSDT] 200/410 days fetched
2026-05-19 10:39:36,161 INFO   [VVVUSDT] 250/410 days fetched
2026-05-19 10:39:37,654 INFO   [VVVUSDT] 300/410 days fetched
2026-05-19 10:39:39,600 INFO   [VVVUSDT] 350/410 days fetched
2026-05-19 10:39:41,722 INFO   [VVVUSDT] 400/410 days fetched
2026-05-19 10:39:42,116 INFO [VVVUSDT] saved 118076 rows → /home/yuqing/ctaNew/data/ml/cache/metrics_VVVUSDT.parquet
[26/28] VVVUSDT: 118076 rows (399s)
2026-05-19 10:39:42,130 INFO [WIFUSDT] pulling metrics for 410 days (2025-03-23 → 2026-05-06)
2026-05-19 10:39:44,187 INFO   [WIFUSDT] 50/410 days fetched
2026-05-19 10:39:46,344 INFO   [WIFUSDT] 100/410 days fetched
2026-05-19 10:39:47,983 INFO   [WIFUSDT] 150/410 days fetched
2026-05-19 10:39:50,091 INFO   [WIFUSDT] 200/410 days fetched
2026-05-19 10:39:51,876 INFO   [WIFUSDT] 250/410 days fetched
2026-05-19 10:39:53,721 INFO   [WIFUSDT] 300/410 days fetched
2026-05-19 10:39:55,833 INFO   [WIFUSDT] 350/410 days fetched
2026-05-19 10:39:57,325 INFO   [WIFUSDT] 400/410 days fetched
2026-05-19 10:39:57,717 INFO [WIFUSDT] saved 118077 rows → /home/yuqing/ctaNew/data/ml/cache/metrics_WIFUSDT.parquet
[27/28] WIFUSDT: 118077 rows (414s)
2026-05-19 10:39:57,726 INFO [ZECUSDT] pulling metrics for 410 days (2025-03-23 → 2026-05-06)
2026-05-19 10:39:59,903 INFO   [ZECUSDT] 50/410 days fetched
2026-05-19 10:40:01,846 INFO   [ZECUSDT] 100/410 days fetched
2026-05-19 10:40:03,577 INFO   [ZECUSDT] 150/410 days fetched
2026-05-19 10:40:05,765 INFO   [ZECUSDT] 200/410 days fetched
2026-05-19 10:40:07,515 INFO   [ZECUSDT] 250/410 days fetched
2026-05-19 10:40:09,945 INFO   [ZECUSDT] 300/410 days fetched
2026-05-19 10:40:11,827 INFO   [ZECUSDT] 350/410 days fetched
2026-05-19 10:40:13,683 INFO   [ZECUSDT] 400/410 days fetched
2026-05-19 10:40:14,270 INFO [ZECUSDT] saved 118077 rows → /home/yuqing/ctaNew/data/ml/cache/metrics_ZECUSDT.parquet
[28/28] ZECUSDT: 118077 rows (431s)

OI fetch done [431s] ok=28 empty=0 empty_syms=[]
OI_FETCH_DONE
